[0;34m[LOOP][0m 2026-04-09 04:50:02 Starting smoke test...
[0;34m[LOOP][0m 2026-04-09 04:50:07 Smoke test result: 12/15 passed, 3 failed
[0;34m[LOOP][0m 2026-04-09 04:50:07 Detected failures: 3 — analyzing...
[0;34m[LOOP][0m 2026-04-09 04:50:08 Alert suppressed (count=1/3) — logging and waiting
[0;34m[LOOP][0m 2026-04-09 04:55:02 Starting smoke test...
[0;34m[LOOP][0m 2026-04-09 04:55:06 Smoke test result: 12/15 passed, 3 failed
[0;34m[LOOP][0m 2026-04-09 04:55:06 Detected failures: 3 — analyzing...
[0;34m[LOOP][0m 2026-04-09 04:55:06 Alert suppressed (count=1/3) — logging and waiting
[0;34m[LOOP][0m 2026-04-09 05:00:03 Starting smoke test...
[0;34m[LOOP][0m 2026-04-09 05:00:08 Smoke test result: 12/15 passed, 3 failed
[0;34m[LOOP][0m 2026-04-09 05:00:08 Detected failures: 3 — analyzing...
[0;34m[LOOP][0m 2026-04-09 05:00:08 Alert suppressed (count=1/3) — logging and waiting
[0;34m[LOOP][0m 2026-04-09 05:05:03 Starting smoke test...
[0;34m[LOOP][0m 2026-04-09 05:05:25 Smoke test result: 15/15 passed, 0 failed
[0;34m[LOOP][0m 2026-04-09 05:05:25 All tests passed — steady state
[0;34m[LOOP][0m 2026-04-09 05:10:03 Starting smoke test...
[0;34m[LOOP][0m 2026-04-09 05:10:24 Smoke test result: 16/17 passed, 1 failed
[0;34m[LOOP][0m 2026-04-09 05:10:24 Detected failures: 1 — analyzing...
[0;34m[LOOP][0m 2026-04-09 05:10:24 Alert suppressed (count=1/3) — logging and waiting
[0;34m[LOOP][0m 2026-04-09 05:15:03 Starting smoke test...
[0;34m[LOOP][0m 2026-04-09 05:15:31 Smoke test result: 17/17 passed, 0 failed
[0;34m[LOOP][0m 2026-04-09 05:15:31 All tests passed — steady state
[0;34m[LOOP][0m 2026-04-09 05:20:03 Starting smoke test...
[0;34m[LOOP][0m 2026-04-09 05:20:30 Smoke test result: 17/17 passed, 0 failed
[0;34m[LOOP][0m 2026-04-09 05:20:30 All tests passed — steady state
[0;34m[LOOP][0m 2026-04-09 05:25:02 Starting smoke test...
[0;34m[LOOP][0m 2026-04-09 05:25:28 Smoke test result: 17/17 passed, 0 failed
[0;34m[LOOP][0m 2026-04-09 05:25:28 All tests passed — steady state
[0;34m[LOOP][0m 2026-04-09 05:30:03 Starting smoke test...
[0;34m[LOOP][0m 2026-04-09 05:30:33 Smoke test result: 17/17 passed, 0 failed
[0;34m[LOOP][0m 2026-04-09 05:30:33 All tests passed — steady state
[0;34m[LOOP][0m 2026-04-09 05:35:03 Starting smoke test...
[0;34m[LOOP][0m 2026-04-09 05:35:30 Smoke test result: 17/17 passed, 0 failed
[0;34m[LOOP][0m 2026-04-09 05:35:30 All tests passed — steady state
[0;34m[LOOP][0m 2026-04-09 05:40:03 Starting smoke test...
[0;34m[LOOP][0m 2026-04-09 05:40:31 Smoke test result: 17/17 passed, 0 failed
[0;34m[LOOP][0m 2026-04-09 05:40:32 All tests passed — steady state
[0;34m[LOOP][0m 2026-04-09 05:45:03 Starting smoke test...
[0;34m[LOOP][0m 2026-04-09 05:45:28 Smoke test result: 17/17 passed, 0 failed
[0;34m[LOOP][0m 2026-04-09 05:45:28 All tests passed — steady state
[0;34m[LOOP][0m 2026-04-09 05:50:03 Starting smoke test...
[0;34m[LOOP][0m 2026-04-09 05:50:36 Smoke test result: 17/17 passed, 0 failed
[0;34m[LOOP][0m 2026-04-09 05:50:36 All tests passed — steady state
[0;34m[LOOP][0m 2026-04-09 05:55:03 Starting smoke test...
[0;34m[LOOP][0m 2026-04-09 05:55:34 Smoke test result: 17/17 passed, 0 failed
[0;34m[LOOP][0m 2026-04-09 05:55:34 All tests passed — steady state
[0;34m[LOOP][0m 2026-04-09 06:00:03 Starting smoke test...
[0;34m[LOOP][0m 2026-04-09 06:00:28 Smoke test result: 17/17 passed, 0 failed
[0;34m[LOOP][0m 2026-04-09 06:00:28 All tests passed — steady state
[0;34m[LOOP][0m 2026-04-09 06:05:03 Starting smoke test...
[0;34m[LOOP][0m 2026-04-09 06:05:30 Smoke test result: 17/17 passed, 0 failed
[0;34m[LOOP][0m 2026-04-09 06:05:30 All tests passed — steady state
[0;34m[LOOP][0m 2026-04-09 06:10:03 Starting smoke test...
[0;34m[LOOP][0m 2026-04-09 06:10:34 Smoke test result: 17/17 passed, 0 failed
[0;34m[LOOP][0m 2026-04-09 06:10:34 All tests passed — steady state
[0;34m[LOOP][0m 2026-04-09 06:15:03 Starting smoke test...
[0;34m[LOOP][0m 2026-04-09 06:15:32 Smoke test result: 17/17 passed, 0 failed
[0;34m[LOOP][0m 2026-04-09 06:15:32 All tests passed — steady state
[0;34m[LOOP][0m 2026-04-09 06:20:03 Starting smoke test...
[0;34m[LOOP][0m 2026-04-09 06:20:28 Smoke test result: 17/17 passed, 0 failed
[0;34m[LOOP][0m 2026-04-09 06:20:28 All tests passed — steady state
[0;34m[LOOP][0m 2026-04-09 06:25:02 Starting smoke test...
[0;34m[LOOP][0m 2026-04-09 06:25:28 Smoke test result: 17/17 passed, 0 failed
[0;34m[LOOP][0m 2026-04-09 06:25:28 All tests passed — steady state
[0;34m[LOOP][0m 2026-04-09 06:30:03 Starting smoke test...
[0;34m[LOOP][0m 2026-04-09 06:30:31 Smoke test result: 17/17 passed, 0 failed
[0;34m[LOOP][0m 2026-04-09 06:30:31 All tests passed — steady state
[0;34m[LOOP][0m 2026-04-09 06:35:03 Starting smoke test...
[0;34m[LOOP][0m 2026-04-09 06:35:29 Smoke test result: 17/17 passed, 0 failed
[0;34m[LOOP][0m 2026-04-09 06:35:29 All tests passed — steady state
